INFO: 17/10/24 16:52:21: Assets path configured: /home/fernanda/first-flet-app/ProjetFlet/trabalho/código fonte/assets
INFO: 17/10/24 16:52:22: Starting Flet web server on port 49095...
INFO: 17/10/24 16:52:22: Web renderer configured: WebRenderer.CANVAS_KIT
INFO: 17/10/24 16:52:22: Use color emoji: False
INFO: 17/10/24 16:52:22: Route URL strategy configured: path
INFO: 17/10/24 16:52:22: Starting up Flet App Manager
INFO: 17/10/24 16:52:24: Temp dir created for patched index and manifest: /tmp/tmpmt62kpri
INFO: 17/10/24 16:52:24: Web root: /home/fernanda/first-flet-app/ProjetFlet/trabalho/.venv/lib/python3.12/site-packages/flet/web
INFO: 17/10/24 16:52:24: assets_dir does not exist: /home/fernanda/first-flet-app/ProjetFlet/trabalho/código fonte/assets
INFO: 17/10/24 16:52:24: Assets dir: None
INFO: 17/10/24 16:52:28: New FletApp: vKFi5AwE
INFO: 17/10/24 16:52:28: New session created (1 total): _5tm0hXXlbCO9oRwG_9eb7868235329c940866f642ee5a12756e6665a6
INFO: 17/10/24 16:52:28: Start session: 5tm0hXXlbCO9oRwG
ERROR: 17/10/24 16:53:13: Future exception was never retrieved
future: <Future finished exception=AssertionError('DataTable Control must be added to the page first')>
AssertionError: DataTable Control must be added to the page first
INFO: 17/10/24 16:53:31: Login falhou. Usuário não cadastrado!
INFO: 17/10/24 16:53:40: Login bem-sucedido: Login='flet_v1'
ERROR: 17/10/24 16:54:34: Future exception was never retrieved
AssertionError: DataTable Control must be added to the page first
ERROR: 17/10/24 16:55:24: Future exception was never retrieved
future: <Future finished exception=AssertionError('DataTable Control must be added to the page first')>
AssertionError: DataTable Control must be added to the page first
INFO: 17/10/24 16:55:38: Login bem-sucedido: Login='flet_v3'
INFO: 17/10/24 16:55:52: Usuário de Nome: flet flet, login: (flet_v2) foi excluído.
INFO: 17/10/24 16:55:56: Session disconnected: _5tm0hXXlbCO9oRwG_9eb7868235329c940866f642ee5a12756e6665a6
